2022-01-10 03:02:39,982 - INFO - allennlp.common.params - random_seed = 0
2022-01-10 03:02:39,982 - INFO - allennlp.common.params - numpy_seed = 0
2022-01-10 03:02:39,982 - INFO - allennlp.common.params - pytorch_seed = 0
2022-01-10 03:02:39,983 - INFO - allennlp.common.checks - Pytorch version: 1.7.0
2022-01-10 03:02:39,983 - INFO - allennlp.common.params - type = default
2022-01-10 03:02:39,984 - INFO - allennlp.common.params - dataset_reader.type = span_model
2022-01-10 03:02:39,984 - INFO - allennlp.common.params - dataset_reader.lazy = False
2022-01-10 03:02:39,985 - INFO - allennlp.common.params - dataset_reader.cache_directory = None
2022-01-10 03:02:39,985 - INFO - allennlp.common.params - dataset_reader.max_instances = None
2022-01-10 03:02:39,985 - INFO - allennlp.common.params - dataset_reader.manual_distributed_sharding = False
2022-01-10 03:02:39,985 - INFO - allennlp.common.params - dataset_reader.manual_multi_process_sharding = False
2022-01-10 03:02:39,985 - INFO - allennlp.common.params - dataset_reader.max_span_width = 8
2022-01-10 03:02:39,986 - INFO - allennlp.common.params - dataset_reader.token_indexers.bert.type = pretrained_transformer_mismatched
2022-01-10 03:02:39,986 - INFO - allennlp.common.params - dataset_reader.token_indexers.bert.token_min_padding_length = 0
2022-01-10 03:02:39,986 - INFO - allennlp.common.params - dataset_reader.token_indexers.bert.model_name = bert-base-uncased
2022-01-10 03:02:39,986 - INFO - allennlp.common.params - dataset_reader.token_indexers.bert.namespace = tags
2022-01-10 03:02:39,986 - INFO - allennlp.common.params - dataset_reader.token_indexers.bert.max_length = 512
2022-01-10 03:02:39,986 - INFO - allennlp.common.params - dataset_reader.token_indexers.bert.tokenizer_kwargs = None
2022-01-10 03:02:41,716 - INFO - allennlp.common.params - train_data_path = /content/SSA-SemEval/Span-ASTE-main/model_outputs/aste_opener_en_6e01f1772af7bbbef56b8ba0511d931f/train.json
2022-01-10 03:02:41,717 - INFO - allennlp.common.params - vocabulary = <allennlp.common.lazy.Lazy object at 0x7f308937fb50>
2022-01-10 03:02:41,717 - INFO - allennlp.common.params - datasets_for_vocab_creation = None
2022-01-10 03:02:41,717 - INFO - allennlp.common.params - validation_dataset_reader = None
2022-01-10 03:02:41,717 - INFO - allennlp.common.params - validation_data_path = /content/SSA-SemEval/Span-ASTE-main/model_outputs/aste_opener_en_6e01f1772af7bbbef56b8ba0511d931f/dev.json
2022-01-10 03:02:41,717 - INFO - allennlp.common.params - validation_data_loader = None
2022-01-10 03:02:41,717 - INFO - allennlp.common.params - test_data_path = /content/SSA-SemEval/Span-ASTE-main/model_outputs/aste_opener_en_6e01f1772af7bbbef56b8ba0511d931f/test.json
2022-01-10 03:02:41,717 - INFO - allennlp.common.params - evaluate_on_test = False
2022-01-10 03:02:41,718 - INFO - allennlp.common.params - batch_weight_key = 
2022-01-10 03:02:41,718 - INFO - allennlp.training.util - Reading training data from /content/SSA-SemEval/Span-ASTE-main/model_outputs/aste_opener_en_6e01f1772af7bbbef56b8ba0511d931f/train.json
2022-01-10 03:02:41,718 - INFO - tqdm - reading instances: 0it [00:00, ?it/s]
2022-01-10 03:02:51,740 - INFO - tqdm - reading instances: 939it [00:10, 107.12it/s]
2022-01-10 03:02:59,024 - INFO - allennlp.training.util - Reading validation data from /content/SSA-SemEval/Span-ASTE-main/model_outputs/aste_opener_en_6e01f1772af7bbbef56b8ba0511d931f/dev.json
2022-01-10 03:02:59,024 - INFO - tqdm - reading instances: 0it [00:00, ?it/s]
2022-01-10 03:03:01,576 - INFO - allennlp.training.util - Reading test data from /content/SSA-SemEval/Span-ASTE-main/model_outputs/aste_opener_en_6e01f1772af7bbbef56b8ba0511d931f/test.json
2022-01-10 03:03:01,576 - INFO - tqdm - reading instances: 0it [00:00, ?it/s]
2022-01-10 03:03:03,680 - INFO - allennlp.common.params - type = from_instances
2022-01-10 03:03:03,681 - INFO - allennlp.common.params - min_count = None
2022-01-10 03:03:03,681 - INFO - allennlp.common.params - max_vocab_size = None
2022-01-10 03:03:03,681 - INFO - allennlp.common.params - non_padded_namespaces = ('*tags', '*labels')
2022-01-10 03:03:03,681 - INFO - allennlp.common.params - pretrained_files = None
2022-01-10 03:03:03,682 - INFO - allennlp.common.params - only_include_pretrained_words = False
2022-01-10 03:03:03,682 - INFO - allennlp.common.params - tokens_to_add = None
2022-01-10 03:03:03,682 - INFO - allennlp.common.params - min_pretrained_embeddings = None
2022-01-10 03:03:03,682 - INFO - allennlp.common.params - padding_token = @@PADDING@@
2022-01-10 03:03:03,682 - INFO - allennlp.common.params - oov_token = @@UNKNOWN@@
2022-01-10 03:03:03,682 - INFO - allennlp.data.vocabulary - Fitting token dictionary from dataset.
2022-01-10 03:03:03,682 - INFO - tqdm - building vocab: 0it [00:00, ?it/s]
2022-01-10 03:03:03,816 - CRITICAL - root - Uncaught exception
Traceback (most recent call last):
  File "/usr/local/bin/allennlp", line 8, in <module>
    sys.exit(run())
  File "/usr/local/lib/python3.7/dist-packages/allennlp/__main__.py", line 34, in run
    main(prog="allennlp")
  File "/usr/local/lib/python3.7/dist-packages/allennlp/commands/__init__.py", line 118, in main
    args.func(args)
  File "/usr/local/lib/python3.7/dist-packages/allennlp/commands/train.py", line 119, in train_model_from_args
    file_friendly_logging=args.file_friendly_logging,
  File "/usr/local/lib/python3.7/dist-packages/allennlp/commands/train.py", line 178, in train_model_from_file
    file_friendly_logging=file_friendly_logging,
  File "/usr/local/lib/python3.7/dist-packages/allennlp/commands/train.py", line 242, in train_model
    file_friendly_logging=file_friendly_logging,
  File "/usr/local/lib/python3.7/dist-packages/allennlp/commands/train.py", line 456, in _train_worker
    local_rank=process_rank,
  File "/usr/local/lib/python3.7/dist-packages/allennlp/common/from_params.py", line 599, in from_params
    **extras,
  File "/usr/local/lib/python3.7/dist-packages/allennlp/common/from_params.py", line 629, in from_params
    return constructor_to_call(**kwargs)  # type: ignore
  File "/usr/local/lib/python3.7/dist-packages/allennlp/commands/train.py", line 670, in from_partial_objects
    vocabulary_ = vocabulary.construct(instances=instance_generator)
  File "/usr/local/lib/python3.7/dist-packages/allennlp/common/lazy.py", line 58, in construct
    return self._constructor(**kwargs)
  File "/usr/local/lib/python3.7/dist-packages/allennlp/common/lazy.py", line 50, in constructor_to_use
    return constructor.from_params(Params({}), **kwargs)  # type: ignore[union-attr]
  File "/usr/local/lib/python3.7/dist-packages/allennlp/common/from_params.py", line 599, in from_params
    **extras,
  File "/usr/local/lib/python3.7/dist-packages/allennlp/common/from_params.py", line 629, in from_params
    return constructor_to_call(**kwargs)  # type: ignore
  File "/usr/local/lib/python3.7/dist-packages/allennlp/data/vocabulary.py", line 304, in from_instances
    oov_token=oov_token,
  File "/usr/local/lib/python3.7/dist-packages/allennlp/data/vocabulary.py", line 261, in __init__
    min_pretrained_embeddings,
  File "/usr/local/lib/python3.7/dist-packages/allennlp/data/vocabulary.py", line 577, in _extend
    self.add_token_to_namespace(token, namespace)
  File "/usr/local/lib/python3.7/dist-packages/allennlp/data/vocabulary.py", line 662, in add_token_to_namespace
    "  Got %s (with type %s)" % (repr(token), type(token))
ValueError: Vocabulary tokens must be strings, or saving and loading will break.  Got 0 (with type <class 'int'>)
